
> @lifeops/shared@0.1.0 build /home/egg/lifeops/packages/shared
> tsup src/index.ts src/validations.ts src/schedule-utils.ts src/templates-data.ts src/types.ts --format cjs,esm --dts

CLI Building entry: src/index.ts, src/schedule-utils.ts, src/templates-data.ts, src/types.ts, src/validations.ts
CLI Using tsconfig: tsconfig.json
CLI tsup v8.5.1
CLI Target: es2020
CJS Build start
ESM Build start

 WARN  [33m▲ [43;33m[[43;30mWARNING[43;33m][0m [1mThe condition "types" here will never be used as it comes after both "import" and "require"[0m [package.json]

    package.json:12:6:
[37m      12 │       [32m"types"[37m: "./dist/index.d.ts"
         ╵       [32m~~~~~~~[0m

  The "import" condition comes earlier and will be used for all "import" statements:

    package.json:10:6:
[37m      10 │       [32m"import"[37m: "./dist/index.mjs",
         ╵       [32m~~~~~~~~[0m

  The "require" condition comes earlier and will be used for all "require" calls:

    package.json:11:6:
[37m      11 │       [32m"require"[37m: "./dist/index.js",
         ╵       [32m~~~~~~~~~[0m




 WARN  [33m▲ [43;33m[[43;30mWARNING[43;33m][0m [1mThe condition "types" here will never be used as it comes after both "import" and "require"[0m [package.json]

    package.json:17:6:
[37m      17 │       [32m"types"[37m: "./dist/validations.d.ts"
         ╵       [32m~~~~~~~[0m

  The "import" condition comes earlier and will be used for all "import" statements:

    package.json:15:6:
[37m      15 │       [32m"import"[37m: "./dist/validations.mjs",
         ╵       [32m~~~~~~~~[0m

  The "require" condition comes earlier and will be used for all "require" calls:

    package.json:16:6:
[37m      16 │       [32m"require"[37m: "./dist/validations.js",
         ╵       [32m~~~~~~~~~[0m




 WARN  [33m▲ [43;33m[[43;30mWARNING[43;33m][0m [1mThe condition "types" here will never be used as it comes after both "import" and "require"[0m [package.json]

    package.json:22:6:
[37m      22 │       [32m"types"[37m: "./dist/schedule-utils.d.ts"
         ╵       [32m~~~~~~~[0m

  The "import" condition comes earlier and will be used for all "import" statements:

    package.json:20:6:
[37m      20 │       [32m"import"[37m: "./dist/schedule-utils.mjs",
         ╵       [32m~~~~~~~~[0m

  The "require" condition comes earlier and will be used for all "require" calls:

    package.json:21:6:
[37m      21 │       [32m"require"[37m: "./dist/schedule-utils.js",
         ╵       [32m~~~~~~~~~[0m




 WARN  [33m▲ [43;33m[[43;30mWARNING[43;33m][0m [1mThe condition "types" here will never be used as it comes after both "import" and "require"[0m [package.json]

    package.json:27:6:
[37m      27 │       [32m"types"[37m: "./dist/templates-data.d.ts"
         ╵       [32m~~~~~~~[0m

  The "import" condition comes earlier and will be used for all "import" statements:

    package.json:25:6:
[37m      25 │       [32m"import"[37m: "./dist/templates-data.mjs",
         ╵       [32m~~~~~~~~[0m

  The "require" condition comes earlier and will be used for all "require" calls:

    package.json:26:6:
[37m      26 │       [32m"require"[37m: "./dist/templates-data.js",
         ╵       [32m~~~~~~~~~[0m




 WARN  [33m▲ [43;33m[[43;30mWARNING[43;33m][0m [1mThe condition "types" here will never be used as it comes after both "import" and "require"[0m [package.json]

    package.json:32:6:
[37m      32 │       [32m"types"[37m: "./dist/types.d.ts"
         ╵       [32m~~~~~~~[0m

  The "import" condition comes earlier and will be used for all "import" statements:

    package.json:30:6:
[37m      30 │       [32m"import"[37m: "./dist/types.mjs",
         ╵       [32m~~~~~~~~[0m

  The "require" condition comes earlier and will be used for all "require" calls:

    package.json:31:6:
[37m      31 │       [32m"require"[37m: "./dist/types.js",
         ╵       [32m~~~~~~~~~[0m




 WARN  [33m▲ [43;33m[[43;30mWARNING[43;33m][0m [1mThe condition "types" here will never be used as it comes after both "import" and "require"[0m [package.json]

    package.json:12:6:
[37m      12 │       [32m"types"[37m: "./dist/index.d.ts"
         ╵       [32m~~~~~~~[0m

  The "import" condition comes earlier and will be used for all "import" statements:

    package.json:10:6:
[37m      10 │       [32m"import"[37m: "./dist/index.mjs",
         ╵       [32m~~~~~~~~[0m

  The "require" condition comes earlier and will be used for all "require" calls:

    package.json:11:6:
[37m      11 │       [32m"require"[37m: "./dist/index.js",
         ╵       [32m~~~~~~~~~[0m




 WARN  [33m▲ [43;33m[[43;30mWARNING[43;33m][0m [1mThe condition "types" here will never be used as it comes after both "import" and "require"[0m [package.json]

    package.json:17:6:
[37m      17 │       [32m"types"[37m: "./dist/validations.d.ts"
         ╵       [32m~~~~~~~[0m

  The "import" condition comes earlier and will be used for all "import" statements:

    package.json:15:6:
[37m      15 │       [32m"import"[37m: "./dist/validations.mjs",
         ╵       [32m~~~~~~~~[0m

  The "require" condition comes earlier and will be used for all "require" calls:

    package.json:16:6:
[37m      16 │       [32m"require"[37m: "./dist/validations.js",
         ╵       [32m~~~~~~~~~[0m




 WARN  [33m▲ [43;33m[[43;30mWARNING[43;33m][0m [1mThe condition "types" here will never be used as it comes after both "import" and "require"[0m [package.json]

    package.json:22:6:
[37m      22 │       [32m"types"[37m: "./dist/schedule-utils.d.ts"
         ╵       [32m~~~~~~~[0m

  The "import" condition comes earlier and will be used for all "import" statements:

    package.json:20:6:
[37m      20 │       [32m"import"[37m: "./dist/schedule-utils.mjs",
         ╵       [32m~~~~~~~~[0m

  The "require" condition comes earlier and will be used for all "require" calls:

    package.json:21:6:
[37m      21 │       [32m"require"[37m: "./dist/schedule-utils.js",
         ╵       [32m~~~~~~~~~[0m




 WARN  [33m▲ [43;33m[[43;30mWARNING[43;33m][0m [1mThe condition "types" here will never be used as it comes after both "import" and "require"[0m [package.json]

    package.json:27:6:
[37m      27 │       [32m"types"[37m: "./dist/templates-data.d.ts"
         ╵       [32m~~~~~~~[0m

  The "import" condition comes earlier and will be used for all "import" statements:

    package.json:25:6:
[37m      25 │       [32m"import"[37m: "./dist/templates-data.mjs",
         ╵       [32m~~~~~~~~[0m

  The "require" condition comes earlier and will be used for all "require" calls:

    package.json:26:6:
[37m      26 │       [32m"require"[37m: "./dist/templates-data.js",
         ╵       [32m~~~~~~~~~[0m




 WARN  [33m▲ [43;33m[[43;30mWARNING[43;33m][0m [1mThe condition "types" here will never be used as it comes after both "import" and "require"[0m [package.json]

    package.json:32:6:
[37m      32 │       [32m"types"[37m: "./dist/types.d.ts"
         ╵       [32m~~~~~~~[0m

  The "import" condition comes earlier and will be used for all "import" statements:

    package.json:30:6:
[37m      30 │       [32m"import"[37m: "./dist/types.mjs",
         ╵       [32m~~~~~~~~[0m

  The "require" condition comes earlier and will be used for all "require" calls:

    package.json:31:6:
[37m      31 │       [32m"require"[37m: "./dist/types.js",
         ╵       [32m~~~~~~~~~[0m



ESM dist/index.mjs          629.00 B
ESM dist/templates-data.mjs 107.00 B
ESM dist/chunk-OXMI7LSR.mjs 4.51 KB
ESM dist/chunk-Q7XAFR6N.mjs 2.29 KB
ESM dist/schedule-utils.mjs 196.00 B
ESM dist/chunk-ALKOYO3I.mjs 665.00 B
ESM dist/types.mjs          152.00 B
ESM dist/validations.mjs    238.00 B
ESM dist/chunk-5XIP3VAC.mjs 1.29 KB
ESM ⚡️ Build success in 60ms
CJS dist/index.js          10.43 KB
CJS dist/schedule-utils.js 3.50 KB
CJS dist/types.js          1.71 KB
CJS dist/validations.js    2.70 KB
CJS dist/templates-data.js 5.62 KB
CJS ⚡️ Build success in 60ms
DTS Build start
DTS ⚡️ Build success in 992ms
DTS dist/index.d.ts           650.00 B
DTS dist/schedule-utils.d.ts  724.00 B
DTS dist/templates-data.d.ts  415.00 B
DTS dist/types.d.ts           3.18 KB
DTS dist/validations.d.ts     1.58 KB
DTS dist/index.d.mts          654.00 B
DTS dist/schedule-utils.d.mts 725.00 B
DTS dist/templates-data.d.mts 416.00 B
DTS dist/types.d.mts          3.18 KB
DTS dist/validations.d.mts    1.58 KB
